<?xml version="1.0" encoding="UTF-8"?>
<testsuite xmlns:xsi="http://www.w3.org/2001/XMLSchema-instance" xsi:noNamespaceSchemaLocation="https://maven.apache.org/surefire/maven-surefire-plugin/xsd/surefire-test-report-3.0.xsd" version="3.0" name="microservices.book.MultiplicationFeatureTest" time="26.151" tests="25" errors="0" skipped="0" failures="0">
  <properties>
[...]
</properties>
  <testcase name="When the user john_snow sends 1 right attempts" classname="Scenario: The user sends a first right attempt and gets a badge" time="0.001">
    <system-out><![CDATA[Feature: Users are able to send their multiplication
  attempts, which may be correct or not. When users
  send a correct attempt, they get a response indicating
  that the result is the right one. Also, they get points
  and potentially some badges when they are right, so they
  get motivation to come back and keep playing. Badges are
  won for the first right attempt and when the user gets 100,
  500 and 999 points respectively. If users send a wrong
  attempt, they don't get any point or badge.
]]></system-out>
  </testcase>
  <testcase name="Then the user gets a response indicating the attempt is right" classname="Scenario: The user sends a first right attempt and gets a badge" time="0"/>
  <testcase name="And the user gets 10 points for the attempt" classname="Scenario: The user sends a first right attempt and gets a badge" time="0.001"/>
  <testcase name="And the user gets the FIRST_WON badge" classname="Scenario: The user sends a first right attempt and gets a badge" time="0.001"/>
  <testcase name="Given the user john_snow sends 1 right attempts" classname="Scenario: The user sends a second right attempt and gets points only" time="0">
    <system-out><![CDATA[
  Scenario: The user sends a first right attempt and gets a badge &amp#27;[90m# src/test/resources/multiplication.feature:11&amp#27;[0m
    &amp#27;[32mWhen &amp#27;[0m&amp#27;[32mthe user &amp#27;[0m&amp#27;[32m&amp#27;[1mjohn_snow&amp#27;[0m&amp#27;[32m sends &amp#27;[0m&amp#27;[32m&amp#27;[1m1&amp#27;[0m&amp#27;[32m &amp#27;[0m&amp#27;[32m&amp#27;[1mright&amp#27;[0m&amp#27;[32m attempts&amp#27;[0m                &amp#27;[90m# MultiplicationFeatureSteps.the_user_sends_attempts(String,int,String)&amp#27;[0m
    &amp#27;[32mThen &amp#27;[0m&amp#27;[32mthe user gets a response indicating the attempt is &amp#27;[0m&amp#27;[32m&amp#27;[1mright&amp#27;[0m &amp#27;[90m# MultiplicationFeatureSteps.the_user_gets_a_response_indicating_the_attempt_is(String)&amp#27;[0m
    &amp#27;[32mAnd &amp#27;[0m&amp#27;[32mthe user gets &amp#27;[0m&amp#27;[32m&amp#27;[1m10&amp#27;[0m&amp#27;[32m points for the attempt&amp#27;[0m                   &amp#27;[90m# MultiplicationFeatureSteps.the_user_gets_points_for_the_attempt(int)&amp#27;[0m
    &amp#27;[32mAnd &amp#27;[0m&amp#27;[32mthe user gets the &amp#27;[0m&amp#27;[32m&amp#27;[1mFIRST_WON&amp#27;[0m&amp#27;[32m badge&amp#27;[0m                         &amp#27;[90m# MultiplicationFeatureSteps.the_user_gets_the_type_badge(String)&amp#27;[0m
]]></system-out>
  </testcase>
  <testcase name="And the user gets the FIRST_WON badge" classname="Scenario: The user sends a second right attempt and gets points only" time="0"/>
  <testcase name="When the user john_snow sends 1 right attempts" classname="Scenario: The user sends a second right attempt and gets points only" time="0.001"/>
  <testcase name="Then the user gets a response indicating the attempt is right" classname="Scenario: The user sends a second right attempt and gets points only" time="0"/>
  <testcase name="And the user gets 10 points for the attempt" classname="Scenario: The user sends a second right attempt and gets points only" time="0.001"/>
  <testcase name="And the user does not get any badge" classname="Scenario: The user sends a second right attempt and gets points only" time="0.001"/>
  <testcase name="Given the user john_snow sends 9 right attempts" classname="| 9 | BRONZE_MULTIPLICATOR |" time="0.001">
    <system-out><![CDATA[
  Scenario: The user sends a second right attempt and gets points only &amp#27;[90m# src/test/resources/multiplication.feature:17&amp#27;[0m
    &amp#27;[32mGiven &amp#27;[0m&amp#27;[32mthe user &amp#27;[0m&amp#27;[32m&amp#27;[1mjohn_snow&amp#27;[0m&amp#27;[32m sends &amp#27;[0m&amp#27;[32m&amp#27;[1m1&amp#27;[0m&amp#27;[32m &amp#27;[0m&amp#27;[32m&amp#27;[1mright&amp#27;[0m&amp#27;[32m attempts&amp#27;[0m                    &amp#27;[90m# MultiplicationFeatureSteps.the_user_sends_attempts(String,int,String)&amp#27;[0m
    &amp#27;[32mAnd &amp#27;[0m&amp#27;[32mthe user gets the &amp#27;[0m&amp#27;[32m&amp#27;[1mFIRST_WON&amp#27;[0m&amp#27;[32m badge&amp#27;[0m                              &amp#27;[90m# MultiplicationFeatureSteps.the_user_gets_the_type_badge(String)&amp#27;[0m
    &amp#27;[32mWhen &amp#27;[0m&amp#27;[32mthe user &amp#27;[0m&amp#27;[32m&amp#27;[1mjohn_snow&amp#27;[0m&amp#27;[32m sends &amp#27;[0m&amp#27;[32m&amp#27;[1m1&amp#27;[0m&amp#27;[32m &amp#27;[0m&amp#27;[32m&amp#27;[1mright&amp#27;[0m&amp#27;[32m attempts&amp#27;[0m                     &amp#27;[90m# MultiplicationFeatureSteps.the_user_sends_attempts(String,int,String)&amp#27;[0m
    &amp#27;[32mThen &amp#27;[0m&amp#27;[32mthe user gets a response indicating the attempt is &amp#27;[0m&amp#27;[32m&amp#27;[1mright&amp#27;[0m      &amp#27;[90m# MultiplicationFeatureSteps.the_user_gets_a_response_indicating_the_attempt_is(String)&amp#27;[0m
    &amp#27;[32mAnd &amp#27;[0m&amp#27;[32mthe user gets &amp#27;[0m&amp#27;[32m&amp#27;[1m10&amp#27;[0m&amp#27;[32m points for the attempt&amp#27;[0m                        &amp#27;[90m# MultiplicationFeatureSteps.the_user_gets_points_for_the_attempt(int)&amp#27;[0m
    &amp#27;[32mAnd &amp#27;[0m&amp#27;[32mthe user does not get any badge&amp#27;[0m                                &amp#27;[90m# MultiplicationFeatureSteps.the_user_does_not_get_any_badge()&amp#27;[0m

  # Checks the Bronze, Silver and Gold badges
  Scenario Outline: The user sends a right attempt after <previous_attempts> right attempts and then gets a badge <badge_name> &amp#27;[90m# src/test/resources/multiplication.feature:26&amp#27;[0m
    &amp#27;[36mGiven &amp#27;[0m&amp#27;[36mthe user john_snow sends <previous_attempts> right attempts&amp#27;[0m
    &amp#27;[36mWhen &amp#27;[0m&amp#27;[36mthe user john_snow sends 1 right attempts&amp#27;[0m
    &amp#27;[36mThen &amp#27;[0m&amp#27;[36mthe user gets a response indicating the attempt is right&amp#27;[0m
    &amp#27;[36mAnd &amp#27;[0m&amp#27;[36mthe user gets 10 points for the attempt&amp#27;[0m
    &amp#27;[36mAnd &amp#27;[0m&amp#27;[36mthe user gets the <badge_name> badge&amp#27;[0m

    Examples: 
]]></system-out>
  </testcase>
  <testcase name="When the user john_snow sends 1 right attempts" classname="| 9 | BRONZE_MULTIPLICATOR |" time="0"/>
  <testcase name="Then the user gets a response indicating the attempt is right" classname="| 9 | BRONZE_MULTIPLICATOR |" time="0"/>
  <testcase name="And the user gets 10 points for the attempt" classname="| 9 | BRONZE_MULTIPLICATOR |" time="0.001"/>
  <testcase name="And the user gets the BRONZE_MULTIPLICATOR badge" classname="| 9 | BRONZE_MULTIPLICATOR |" time="0"/>
  <testcase name="Given the user john_snow sends 49 right attempts" classname="| 49 | SILVER_MULTIPLICATOR |" time="0">
    <system-out><![CDATA[
  Scenario Outline: The user sends a right attempt after 9 right attempts and then gets a badge BRONZE_MULTIPLICATOR &amp#27;[90m# src/test/resources/multiplication.feature:35&amp#27;[0m
    &amp#27;[32mGiven &amp#27;[0m&amp#27;[32mthe user &amp#27;[0m&amp#27;[32m&amp#27;[1mjohn_snow&amp#27;[0m&amp#27;[32m sends &amp#27;[0m&amp#27;[32m&amp#27;[1m9&amp#27;[0m&amp#27;[32m &amp#27;[0m&amp#27;[32m&amp#27;[1mright&amp#27;[0m&amp#27;[32m attempts&amp#27;[0m                                                                  &amp#27;[90m# MultiplicationFeatureSteps.the_user_sends_attempts(String,int,String)&amp#27;[0m
    &amp#27;[32mWhen &amp#27;[0m&amp#27;[32mthe user &amp#27;[0m&amp#27;[32m&amp#27;[1mjohn_snow&amp#27;[0m&amp#27;[32m sends &amp#27;[0m&amp#27;[32m&amp#27;[1m1&amp#27;[0m&amp#27;[32m &amp#27;[0m&amp#27;[32m&amp#27;[1mright&amp#27;[0m&amp#27;[32m attempts&amp#27;[0m                                                                   &amp#27;[90m# MultiplicationFeatureSteps.the_user_sends_attempts(String,int,String)&amp#27;[0m
    &amp#27;[32mThen &amp#27;[0m&amp#27;[32mthe user gets a response indicating the attempt is &amp#27;[0m&amp#27;[32m&amp#27;[1mright&amp#27;[0m                                                    &amp#27;[90m# MultiplicationFeatureSteps.the_user_gets_a_response_indicating_the_attempt_is(String)&amp#27;[0m
    &amp#27;[32mAnd &amp#27;[0m&amp#27;[32mthe user gets &amp#27;[0m&amp#27;[32m&amp#27;[1m10&amp#27;[0m&amp#27;[32m points for the attempt&amp#27;[0m                                                                      &amp#27;[90m# MultiplicationFeatureSteps.the_user_gets_points_for_the_attempt(int)&amp#27;[0m
    &amp#27;[32mAnd &amp#27;[0m&amp#27;[32mthe user gets the &amp#27;[0m&amp#27;[32m&amp#27;[1mBRONZE_MULTIPLICATOR&amp#27;[0m&amp#27;[32m badge&amp#27;[0m                                                                 &amp#27;[90m# MultiplicationFeatureSteps.the_user_gets_the_type_badge(String)&amp#27;[0m
]]></system-out>
  </testcase>
  <testcase name="When the user john_snow sends 1 right attempts" classname="| 49 | SILVER_MULTIPLICATOR |" time="0.001"/>
  <testcase name="Then the user gets a response indicating the attempt is right" classname="| 49 | SILVER_MULTIPLICATOR |" time="0.001"/>
  <testcase name="And the user gets 10 points for the attempt" classname="| 49 | SILVER_MULTIPLICATOR |" time="0"/>
  <testcase name="And the user gets the SILVER_MULTIPLICATOR badge" classname="| 49 | SILVER_MULTIPLICATOR |" time="0"/>
  <testcase name="Given the user john_snow sends 99 right attempts" classname="| 99 | GOLD_MULTIPLICATOR |" time="0.001">
    <system-out><![CDATA[
  Scenario Outline: The user sends a right attempt after 49 right attempts and then gets a badge SILVER_MULTIPLICATOR &amp#27;[90m# src/test/resources/multiplication.feature:36&amp#27;[0m
    &amp#27;[32mGiven &amp#27;[0m&amp#27;[32mthe user &amp#27;[0m&amp#27;[32m&amp#27;[1mjohn_snow&amp#27;[0m&amp#27;[32m sends &amp#27;[0m&amp#27;[32m&amp#27;[1m49&amp#27;[0m&amp#27;[32m &amp#27;[0m&amp#27;[32m&amp#27;[1mright&amp#27;[0m&amp#27;[32m attempts&amp#27;[0m                                                                  &amp#27;[90m# MultiplicationFeatureSteps.the_user_sends_attempts(String,int,String)&amp#27;[0m
    &amp#27;[32mWhen &amp#27;[0m&amp#27;[32mthe user &amp#27;[0m&amp#27;[32m&amp#27;[1mjohn_snow&amp#27;[0m&amp#27;[32m sends &amp#27;[0m&amp#27;[32m&amp#27;[1m1&amp#27;[0m&amp#27;[32m &amp#27;[0m&amp#27;[32m&amp#27;[1mright&amp#27;[0m&amp#27;[32m attempts&amp#27;[0m                                                                    &amp#27;[90m# MultiplicationFeatureSteps.the_user_sends_attempts(String,int,String)&amp#27;[0m
    &amp#27;[32mThen &amp#27;[0m&amp#27;[32mthe user gets a response indicating the attempt is &amp#27;[0m&amp#27;[32m&amp#27;[1mright&amp#27;[0m                                                     &amp#27;[90m# MultiplicationFeatureSteps.the_user_gets_a_response_indicating_the_attempt_is(String)&amp#27;[0m
    &amp#27;[32mAnd &amp#27;[0m&amp#27;[32mthe user gets &amp#27;[0m&amp#27;[32m&amp#27;[1m10&amp#27;[0m&amp#27;[32m points for the attempt&amp#27;[0m                                                                       &amp#27;[90m# MultiplicationFeatureSteps.the_user_gets_points_for_the_attempt(int)&amp#27;[0m
    &amp#27;[32mAnd &amp#27;[0m&amp#27;[32mthe user gets the &amp#27;[0m&amp#27;[32m&amp#27;[1mSILVER_MULTIPLICATOR&amp#27;[0m&amp#27;[32m badge&amp#27;[0m                                                                  &amp#27;[90m# MultiplicationFeatureSteps.the_user_gets_the_type_badge(String)&amp#27;[0m
]]></system-out>
  </testcase>
  <testcase name="When the user john_snow sends 1 right attempts" classname="| 99 | GOLD_MULTIPLICATOR |" time="0.001"/>
  <testcase name="Then the user gets a response indicating the attempt is right" classname="| 99 | GOLD_MULTIPLICATOR |" time="0"/>
  <testcase name="And the user gets 10 points for the attempt" classname="| 99 | GOLD_MULTIPLICATOR |" time="0.001"/>
  <testcase name="And the user gets the GOLD_MULTIPLICATOR badge" classname="| 99 | GOLD_MULTIPLICATOR |" time="0"/>
</testsuite>