<?xml version="1.0" encoding="UTF-8"?>
<testsuite xmlns:xsi="http://www.w3.org/2001/XMLSchema-instance" xsi:noNamespaceSchemaLocation="https://maven.apache.org/surefire/maven-surefire-plugin/xsd/surefire-test-report-3.0.xsd" version="3.0" name="microservices.book.LeaderboardFeatureTest" time="4.373" tests="10" errors="0" skipped="0" failures="0">
  <properties>
[...]
</properties>
  <testcase name="When the user john_snow sends 2 right attempts" classname="Scenario: A user sends a higher number of right attempts and" time="0.004">
    <system-out><![CDATA[Feature: Users are listed from highest score to lowest, and when
  they get points they can move up on the ranking.
]]></system-out>
  </testcase>
  <testcase name="And the user peter sends 1 right attempts" classname="Scenario: A user sends a higher number of right attempts and" time="0.001"/>
  <testcase name="Then the user john_snow is the number 1 on the leaderboard" classname="Scenario: A user sends a higher number of right attempts and" time="0"/>
  <testcase name="And the user peter is the number 2 on the leaderboard" classname="Scenario: A user sends a higher number of right attempts and" time="0"/>
  <testcase name="Given the user john_snow sends 3 right attempts" classname="Scenario: A user passes another one when gets higher score." time="0.003">
    <system-out><![CDATA[
  Scenario: A user sends a higher number of right attempts and &amp#27;[90m# src/test/resources/leaderboard.feature:4&amp#27;[0m
    it's positioned at the first place in the ranking.

    &amp#27;[32mWhen &amp#27;[0m&amp#27;[32mthe user &amp#27;[0m&amp#27;[32m&amp#27;[1mjohn_snow&amp#27;[0m&amp#27;[32m sends &amp#27;[0m&amp#27;[32m&amp#27;[1m2&amp#27;[0m&amp#27;[32m &amp#27;[0m&amp#27;[32m&amp#27;[1mright&amp#27;[0m&amp#27;[32m attempts&amp#27;[0m             &amp#27;[90m# MultiplicationFeatureSteps.the_user_sends_attempts(String,int,String)&amp#27;[0m
    &amp#27;[32mAnd &amp#27;[0m&amp#27;[32mthe user &amp#27;[0m&amp#27;[32m&amp#27;[1mpeter&amp#27;[0m&amp#27;[32m sends &amp#27;[0m&amp#27;[32m&amp#27;[1m1&amp#27;[0m&amp#27;[32m &amp#27;[0m&amp#27;[32m&amp#27;[1mright&amp#27;[0m&amp#27;[32m attempts&amp#27;[0m                  &amp#27;[90m# MultiplicationFeatureSteps.the_user_sends_attempts(String,int,String)&amp#27;[0m
    &amp#27;[32mThen &amp#27;[0m&amp#27;[32mthe user &amp#27;[0m&amp#27;[32m&amp#27;[1mjohn_snow&amp#27;[0m&amp#27;[32m is the number &amp#27;[0m&amp#27;[32m&amp#27;[1m1&amp#27;[0m&amp#27;[32m on the leaderboard&amp#27;[0m &amp#27;[90m# LeaderboardFeatureSteps.the_user_is_the_number_on_the_leaderboard(String,int)&amp#27;[0m
    &amp#27;[32mAnd &amp#27;[0m&amp#27;[32mthe user &amp#27;[0m&amp#27;[32m&amp#27;[1mpeter&amp#27;[0m&amp#27;[32m is the number &amp#27;[0m&amp#27;[32m&amp#27;[1m2&amp#27;[0m&amp#27;[32m on the leaderboard&amp#27;[0m      &amp#27;[90m# LeaderboardFeatureSteps.the_user_is_the_number_on_the_leaderboard(String,int)&amp#27;[0m
]]></system-out>
  </testcase>
  <testcase name="And the user peter sends 2 right attempts" classname="Scenario: A user passes another one when gets higher score." time="0"/>
  <testcase name="And the user john_snow is the number 1 on the leaderboard" classname="Scenario: A user passes another one when gets higher score." time="0.001"/>
  <testcase name="When the user peter sends 2 right attempts" classname="Scenario: A user passes another one when gets higher score." time="0"/>
  <testcase name="Then the user peter is the number 1 on the leaderboard" classname="Scenario: A user passes another one when gets higher score." time="0.001"/>
  <testcase name="And the user john_snow is the number 2 on the leaderboard" classname="Scenario: A user passes another one when gets higher score." time="0"/>
</testsuite>